URL: /
METHOD: GET
DATE: Thu Aug 22 2019 14:26:50 GMT+0200 (GMT+02:00)

URL: /users
METHOD: GET
DATE: Thu Aug 22 2019 14:27:09 GMT+0200 (GMT+02:00)

URL: /random.text
METHOD: GET
DATE: Thu Aug 22 2019 14:30:35 GMT+0200 (GMT+02:00)

URL: /users
METHOD: GET
DATE: Thu Aug 22 2019 14:37:18 GMT+0200 (GMT+02:00)

URL: /users/87
METHOD: GET
DATE: Thu Aug 22 2019 14:39:28 GMT+0200 (GMT+02:00)

URL: /users/87
METHOD: GET
DATE: Thu Aug 22 2019 14:40:21 GMT+0200 (GMT+02:00)

URL: /users/87
METHOD: GET
DATE: Thu Aug 22 2019 14:41:23 GMT+0200 (GMT+02:00)

URL: /users/87
METHOD: GET
DATE: Fri Aug 23 2019 12:03:22 GMT+0200 (GMT+02:00)

URL: /users/87?format=json
METHOD: GET
DATE: Fri Aug 23 2019 12:03:43 GMT+0200 (GMT+02:00)

URL: /users/87?nombre=Mario&apellidos=Giron
METHOD: GET
DATE: Fri Aug 23 2019 12:04:00 GMT+0200 (GMT+02:00)

URL: /users/87?nombre=Mario&appid=sadasdasjkjkjKJKJSAKJASDFKJ121
METHOD: GET
DATE: Fri Aug 23 2019 12:04:31 GMT+0200 (GMT+02:00)

URL: /users/87?nombre=Mario&appid=sadasdasjkjkjKJKJSAKJASDFKJ121
METHOD: GET
DATE: Fri Aug 23 2019 12:04:51 GMT+0200 (GMT+02:00)

URL: /users/new
METHOD: GET
DATE: Fri Aug 23 2019 12:08:23 GMT+0200 (GMT+02:00)

URL: /users/new
METHOD: GET
DATE: Fri Aug 23 2019 12:09:15 GMT+0200 (GMT+02:00)

URL: /users/new
METHOD: POST
DATE: Fri Aug 23 2019 12:09:55 GMT+0200 (GMT+02:00)

URL: /users/new
METHOD: POST
DATE: Fri Aug 23 2019 12:10:54 GMT+0200 (GMT+02:00)

URL: /users/new
METHOD: POST
DATE: Fri Aug 23 2019 12:11:28 GMT+0200 (GMT+02:00)

URL: /users/new
METHOD: POST
DATE: Fri Aug 23 2019 12:12:18 GMT+0200 (GMT+02:00)

URL: /users/new/comercial
METHOD: POST
DATE: Fri Aug 23 2019 12:13:11 GMT+0200 (GMT+02:00)

URL: /users/new
METHOD: POST
DATE: Fri Aug 23 2019 12:13:16 GMT+0200 (GMT+02:00)

URL: /users/new/comercial
METHOD: POST
DATE: Fri Aug 23 2019 12:13:27 GMT+0200 (GMT+02:00)

URL: /users/new/comercial
METHOD: POST
DATE: Fri Aug 23 2019 12:13:41 GMT+0200 (GMT+02:00)

URL: /users/87
METHOD: GET
DATE: Fri Aug 23 2019 12:16:37 GMT+0200 (GMT+02:00)

URL: /users/87?format=json
METHOD: GET
DATE: Fri Aug 23 2019 12:16:54 GMT+0200 (GMT+02:00)

URL: /users/87?format=html
METHOD: GET
DATE: Fri Aug 23 2019 12:17:16 GMT+0200 (GMT+02:00)

URL: /users/87?format=antonio
METHOD: GET
DATE: Fri Aug 23 2019 12:17:24 GMT+0200 (GMT+02:00)

URL: /users/87?format=antonio
METHOD: GET
DATE: Fri Aug 23 2019 12:18:40 GMT+0200 (GMT+02:00)

URL: /contacto
METHOD: GET
DATE: Fri Aug 23 2019 12:23:00 GMT+0200 (GMT+02:00)

URL: /contacto
METHOD: GET
DATE: Fri Aug 23 2019 12:25:08 GMT+0200 (GMT+02:00)

URL: /contacto
METHOD: GET
DATE: Fri Aug 23 2019 12:25:28 GMT+0200 (GMT+02:00)

URL: /contacto
METHOD: GET
DATE: Fri Aug 23 2019 12:27:40 GMT+0200 (GMT+02:00)

URL: /contacto
METHOD: GET
DATE: Fri Aug 23 2019 12:28:04 GMT+0200 (GMT+02:00)

URL: /contacto
METHOD: GET
DATE: Fri Aug 23 2019 12:30:38 GMT+0200 (GMT+02:00)

URL: /about
METHOD: GET
DATE: Fri Aug 23 2019 12:31:14 GMT+0200 (GMT+02:00)

URL: /about
METHOD: GET
DATE: Fri Aug 23 2019 12:34:33 GMT+0200 (GMT+02:00)

URL: /about
METHOD: GET
DATE: Fri Aug 23 2019 12:35:02 GMT+0200 (GMT+02:00)

URL: /contacto
METHOD: GET
DATE: Fri Aug 23 2019 12:38:05 GMT+0200 (GMT+02:00)

URL: /contacto
METHOD: GET
DATE: Fri Aug 23 2019 12:39:08 GMT+0200 (GMT+02:00)

URL: /contacto
METHOD: GET
DATE: Fri Aug 23 2019 12:41:17 GMT+0200 (GMT+02:00)

URL: /contacto
METHOD: GET
DATE: Fri Aug 23 2019 12:41:34 GMT+0200 (GMT+02:00)

URL: /libro
METHOD: GET
DATE: Fri Aug 23 2019 12:51:08 GMT+0200 (GMT+02:00)

URL: /libro
METHOD: POST
DATE: Fri Aug 23 2019 12:51:13 GMT+0200 (GMT+02:00)

URL: /libro
METHOD: PUT
DATE: Fri Aug 23 2019 12:51:18 GMT+0200 (GMT+02:00)

URL: /libro
METHOD: DELETE
DATE: Fri Aug 23 2019 12:51:25 GMT+0200 (GMT+02:00)

